<?xml version="1.0" encoding="UTF-8"?>
<testsuite xmlns:xsi="http://www.w3.org/2001/XMLSchema-instance" xsi:noNamespaceSchemaLocation="https://maven.apache.org/surefire/maven-surefire-plugin/xsd/surefire-test-report-3.0.xsd" version="3.0" name="Cp Smoke Test" time="632.56" tests="6" errors="0" skipped="0" failures="0">
  <properties>
[...]
</properties>
  <testcase name="CP order entry - Placing a new order" classname="Cp Smoke Test" time="169.637">
    <system-out><![CDATA[title is : Privacy error
FAmily name is : AJ11
Given name is : Aj11
the patient banner details are : FAMILY NAME:
the patient banner details are : NHS:
the patient banner details are : DoB:
the patient banner details are : Sex:
the patient banner details are : Given Name:
the patient banner details are : PRN:
the patient banner details are : DoD:
the patient banner details are : Gender:
the patient banner details are : Address
the patient banner details are : Current location
the patient banner details are : Patient flags
the patient banner details are : Special requirements
the patient banner details are : Identified antibodies
Patient banner details : [FAMILY NAME:, NHS:, DoB:, Sex:, Given Name:, PRN:, DoD:, Gender:, Address, Current location, Patient flags, Special requirements, Identified antibodies]
[ABC Spec ( ABC )
Abdomino-perineal resection ( ABPR )
Anal polyp ( ANAP )
Anal Canal ( ANUS )
Appendix ( APP )
Anterior resection ( ARES )
Arm ( ARM )]
First msg is : ×
Order H23,0002835D saved for patient PAS3908
second msg : Labels are printed.
]]></system-out>
    <system-err><![CDATA[SLF4J: Failed to load class "org.slf4j.impl.StaticLoggerBinder".
SLF4J: Defaulting to no-operation (NOP) logger implementation
SLF4J: See http://www.slf4j.org/codes.html#StaticLoggerBinder for further details.
Starting Microsoft Edge WebDriver 115.0.1901.188 (b51b39339c49c4dc7c61b77f8b61420ca0ab7b68) on port 13607
To submit feedback, report a bug, or suggest new features, please visit https://github.com/MicrosoftEdge/EdgeWebDriver

Only local connections are allowed.
Please see https://aka.ms/WebDriverSecurity for suggestions on keeping Microsoft Edge WebDriver safe.

Microsoft Edge WebDriver was started successfully.
Aug 08, 2023 11:06:01 AM org.openqa.selenium.devtools.CdpVersionFinder findNearestMatch
WARNING: Unable to find an exact match for CDP version 115, so returning the closest version found: 111
]]></system-err>
  </testcase>
  <testcase name="Specimen Dissection - Scanning the Specimen" classname="Cp Smoke Test" time="151.876">
    <system-out><![CDATA[H23,0002835D.A
Complete Details about specimen : []
Macro is not complete (Number of pieces not entered) Continue?
toast : ×
Blocks saved for specimen H23,0002835D.A Breast tissue
no of blocks before selecting disregard check box : H23,0002835D.A.1(1/4)
keep settings is : true
lrn specimen is : H23,0002835D.A
H23,0002835D.A.2
block 2 LRN is : H23,0002835D.A.2(2/4)
Dissecting user
Assisting user
Reporting pathologist
Supervising pathologist
toast : ×
Blocks saved for specimen H23,0002835D.A Breast tissue
no of blocks before selecting disregard check box : H23,0002835D.A.3(3/4)
unused is selected : true
no of blocks after selecting disregard check box : H23,0002835D.A.1(1/2)
all tissue is selected : true
×
This specimen cannot be processed
]]></system-out>
  </testcase>
  <testcase name="Block Processing - Scan Block LRN" classname="Cp Smoke Test" time="53.584">
    <system-out><![CDATA[https://130.78.62.243:444/#/Mainpage/Cellularpathology/Result/blockprocessing
Block 1 Lrn is : H23,0002835D.A.1
Edit value is : true


size of the window is : 2
Procedure Lrn is : H23,0002835D.A.1.1
]]></system-out>
  </testcase>
  <testcase name="Procedure Processing - Scan a procedure" classname="Cp Smoke Test" time="55.487">
    <system-out><![CDATA[procedure lrn in grid is : H23,0002835D.A.1.1
size of the window is : 2
]]></system-out>
  </testcase>
  <testcase name="Order Verification - Search with order LRN" classname="Cp Smoke Test" time="42.1">
    <system-out><![CDATA[procedure lrn in ord verification is : H23,0002835D.A.1.1
Verify button is : false
release button is : false
Reporting pathologist is displayed or not : true
Order verified successfully
procedure lrn in ord verification is : H23,0002835D.A.1.1
Verify button is : false
release button is : false
Reporting pathologist is displayed or not : true
date is : check_circle
 date Filter icon is : true
 location Filter icon is : true
]]></system-out>
  </testcase>
  <testcase name="Microscopy-Saving and releasing the final report" classname="Cp Smoke Test" time="159.876">
    <system-out><![CDATA[Report for order H23,0002835D saved
Hi
Size of rows : 1
All data is : 5
content is : ACTION REQUIRED 
Final Report
]]></system-out>
  </testcase>
</testsuite>